Using pre-set license
Built from '2021.1/release' branch; Version is '2021.1.4f1 (4cd64a618c1b) revision 5035594'; Using compiler version '192528614'; Build Type 'Release'
OS: 'Windows 10 Pro; OS build 19044.1826; Version 2009; 64bit' Language: 'es' Physical Memory: 32555 MB
BatchMode: 1, IsHumanControllingUs: 0, StartBugReporterOnCrash: 0, Is64bit: 1, IsPro: 0

 COMMAND LINE ARGUMENTS:
C:\Program Files\Unity\Hub\Editor\2021.1.4f1\Editor\Unity.exe
-adb2
-batchMode
-noUpm
-name
AssetImportWorker0
-projectPath
C:/Alex/Unity/Al_el-aprendiz
-logFile
Logs/AssetImportWorker0.log
-srvPort
54796
Successfully changed project path to: C:/Alex/Unity/Al_el-aprendiz
C:/Alex/Unity/Al_el-aprendiz
Using Asset Import Pipeline V2.
Refreshing native plugins compatible for Editor in 63.73 ms, found 1 plugins.
Preloading 0 native plugins for Editor in 0.00 ms.
Initialize engine version: 2021.1.4f1 (4cd64a618c1b)
[Subsystems] Discovering subsystems at path C:/Program Files/Unity/Hub/Editor/2021.1.4f1/Editor/Data/Resources/UnitySubsystems
[Subsystems] Discovering subsystems at path C:/Alex/Unity/Al_el-aprendiz/Assets
GfxDevice: creating device client; threaded=0; jobified=0
Direct3D:
    Version:  Direct3D 11.0 [level 11.1]
    Renderer: NVIDIA GeForce RTX 3070 Ti (ID=0x2482)
    Vendor:   NVIDIA
    VRAM:     8041 MB
    Driver:   30.0.14.7212
Initialize mono
Mono path[0] = 'C:/Program Files/Unity/Hub/Editor/2021.1.4f1/Editor/Data/Managed'
Mono path[1] = 'C:/Program Files/Unity/Hub/Editor/2021.1.4f1/Editor/Data/MonoBleedingEdge/lib/mono/unityjit'
Mono config path = 'C:/Program Files/Unity/Hub/Editor/2021.1.4f1/Editor/Data/MonoBleedingEdge/etc'
Using monoOptions --debugger-agent=transport=dt_socket,embedding=1,server=y,suspend=n,address=127.0.0.1:56532
Begin MonoManager ReloadAssembly
Registering precompiled unity dll's ...
Register platform support module: C:/Program Files/Unity/Hub/Editor/2021.1.4f1/Editor/Data/PlaybackEngines/WebGLSupport/UnityEditor.WebGL.Extensions.dll
Register platform support module: C:/Program Files/Unity/Hub/Editor/2021.1.4f1/Editor/Data/PlaybackEngines/WindowsStandaloneSupport/UnityEditor.WindowsStandalone.Extensions.dll
Registered in 0.002188 seconds.
Native extension for WindowsStandalone target not found
Native extension for WebGL target not found
Refreshing native plugins compatible for Editor in 66.72 ms, found 1 plugins.
Preloading 0 native plugins for Editor in 0.00 ms.
Mono: successfully reloaded assembly
- Completed reload, in  1.829 seconds
Platform modules already initialized, skipping
Registering precompiled user dll's ...
Registered in 0.002685 seconds.
Begin MonoManager ReloadAssembly
Native extension for WindowsStandalone target not found
Native extension for WebGL target not found
Refreshing native plugins compatible for Editor in 0.54 ms, found 1 plugins.
Preloading 0 native plugins for Editor in 0.00 ms.
Mono: successfully reloaded assembly
- Completed reload, in  0.787 seconds
Platform modules already initialized, skipping
========================================================================
Worker process is ready to serve import requests
Launched and connected shader compiler UnityShaderCompiler.exe after 0.04 seconds
Refreshing native plugins compatible for Editor in 0.56 ms, found 1 plugins.
Preloading 0 native plugins for Editor in 0.00 ms.
Unloading 2766 Unused Serialized files (Serialized files now loaded: 0)
System memory in use before: 100.8 MB.
System memory in use after: 100.9 MB.

Unloading 15 unused Assets to reduce memory usage. Loaded Objects now: 3220.
Total: 1.898200 ms (FindLiveObjects: 0.398300 ms CreateObjectMapping: 0.089500 ms MarkObjects: 1.338800 ms  DeleteObjects: 0.070400 ms)

========================================================================
Received Import Request.
  path: Assets/Scenes/Nivel01.unity
  artifactKey: Guid(068ce301f57bf0e468859f16a80200f8) Importer(815301076,1909f56bfc062723c751e8b465ee728b)
Start importing Assets/Scenes/Nivel01.unity using Guid(068ce301f57bf0e468859f16a80200f8) Importer(815301076,1909f56bfc062723c751e8b465ee728b)  -> (artifact id: '6d706a9219d9536bceab77e83d8fedb7') in 0.015504 seconds 
========================================================================
Received Import Request.
  Time since last request: 0.000127 seconds.
  path: Assets/Scenes/Nivel02.unity
  artifactKey: Guid(0cd2115474cbbdb4aa94d0638b162b68) Importer(815301076,1909f56bfc062723c751e8b465ee728b)
Start importing Assets/Scenes/Nivel02.unity using Guid(0cd2115474cbbdb4aa94d0638b162b68) Importer(815301076,1909f56bfc062723c751e8b465ee728b)  -> (artifact id: '9deba3702b2535c051d4a9ce252f47b8') in 0.004529 seconds 
========================================================================
Received Import Request.
  Time since last request: 0.000135 seconds.
  path: Assets/Scenes/Menu_principal.unity
  artifactKey: Guid(a85353079eddca542a3dda898dc01655) Importer(815301076,1909f56bfc062723c751e8b465ee728b)
Start importing Assets/Scenes/Menu_principal.unity using Guid(a85353079eddca542a3dda898dc01655) Importer(815301076,1909f56bfc062723c751e8b465ee728b)  -> (artifact id: 'fc4df6ef13465763995790133e9c8d31') in 0.004890 seconds 
AssetImportWorkerClient::OnTransportError - code=2 error=End of file
